2025-11-14 00:25:14, MOVE, v:1, k:poo@budega, mode:PICK
2025-11-14 00:31:37, MOVE, v:1, k:poo@budega, mode:BACK
2025-11-14 00:31:39, MOVE, v:1, k:poo@budega, mode:PICK
2025-11-14 00:31:39, EXEC, v:1, k:poo@budega, mode:FULL, rate:0, size:19
2025-11-14 00:31:40, EXEC, v:1, k:poo@budega, mode:FULL, rate:0
2025-11-14 00:31:40, EXEC, v:1, k:poo@budega, mode:FULL, rate:0
2025-11-14 00:31:40, EXEC, v:1, k:poo@budega, mode:FULL, rate:0
2025-11-14 00:31:41, EXEC, v:1, k:poo@budega, mode:FULL, rate:0
2025-11-14 00:31:41, EXEC, v:1, k:poo@budega, mode:FULL, rate:0
2025-11-14 00:31:41, EXEC, v:1, k:poo@budega, mode:FULL, rate:0
2025-11-14 00:38:38, EXEC, v:1, k:poo@budega, mode:FULL, rate:0, size:22
2025-11-14 00:38:38, EXEC, v:1, k:poo@budega, mode:FULL, rate:0, size:22
2025-11-14 00:38:39, EXEC, v:1, k:poo@budega, mode:FULL, rate:0, size:22
2025-11-14 00:40:31, EXEC, v:1, k:poo@budega, mode:FULL, rate:0, size:26
2025-11-14 00:40:31, EXEC, v:1, k:poo@budega, mode:FULL, rate:0, size:26
2025-11-14 00:44:32, EXEC, v:1, k:poo@budega, mode:FULL, rate:0, size:39
2025-11-14 00:44:33, EXEC, v:1, k:poo@budega, mode:FULL, rate:0
2025-11-14 00:46:54, EXEC, v:1, k:poo@budega, mode:FULL, rate:0, size:47
2025-11-14 00:46:54, EXEC, v:1, k:poo@budega, mode:FULL, rate:0, size:47
2025-11-14 00:50:17, EXEC, v:1, k:poo@budega, mode:FULL, rate:0, size:61
2025-11-14 00:54:29, EXEC, v:1, k:poo@budega, mode:FULL, rate:0, size:71
2025-11-14 00:54:30, EXEC, v:1, k:poo@budega, mode:FULL, rate:0
2025-11-14 00:54:31, EXEC, v:1, k:poo@budega, mode:FULL, rate:0
2025-11-14 00:56:10, EXEC, v:1, k:poo@budega, mode:FULL, rate:0, size:70
2025-11-14 00:56:10, EXEC, v:1, k:poo@budega, mode:FULL, rate:0, size:70
2025-11-14 00:56:28, MOVE, v:1, k:poo@lapiseira, mode:DOWN
